app/build/intermediates/manifest_merge_blame_file/release/manifest-merger-blame-release-report.txt
1<?xml version="1.0" encoding="utf-8"?>
2<manifest xmlns:android="http://schemas.android.com/apk/res/android"
3    package="com.lespsan543.visionplay"
4    android:versionCode="1"
5    android:versionName="1.0" >
6
7    <uses-sdk
8        android:minSdkVersion="24"
9        android:targetSdkVersion="33" />
10    <!-- permissions for INTERNET -->
11    <uses-permission android:name="android.permission.INTERNET" />
11-->src\main\AndroidManifest.xml:5:5-66
11-->src\main\AndroidManifest.xml:5:22-64
12    <uses-permission android:name="android.permission.ACCESS_NETWORK_STATE" />
12-->[com.pierfrancescosoffritti.androidyoutubeplayer:core:12.1.0] AndroidManifest.xml:8:5-79
12-->[com.pierfrancescosoffritti.androidyoutubeplayer:core:12.1.0] AndroidManifest.xml:8:22-76
13    <uses-permission android:name="com.google.android.providers.gsf.permission.READ_GSERVICES" />
13-->[com.google.android.recaptcha:recaptcha:18.4.0] AndroidManifest.xml:9:5-98
13-->[com.google.android.recaptcha:recaptcha:18.4.0] AndroidManifest.xml:9:22-95
14
15    <permission
15-->[androidx.core:core:1.12.0] AndroidManifest.xml:22:5-24:47
16        android:name="com.lespsan543.visionplay.DYNAMIC_RECEIVER_NOT_EXPORTED_PERMISSION"
16-->[androidx.core:core:1.12.0] AndroidManifest.xml:23:9-81
17        android:protectionLevel="signature" />
17-->[androidx.core:core:1.12.0] AndroidManifest.xml:24:9-44
18
19    <uses-permission android:name="com.lespsan543.visionplay.DYNAMIC_RECEIVER_NOT_EXPORTED_PERMISSION" />
19-->[androidx.core:core:1.12.0] AndroidManifest.xml:26:5-97
19-->[androidx.core:core:1.12.0] AndroidManifest.xml:26:22-94
20
21    <application
21-->src\main\AndroidManifest.xml:6:5-27:19
22        android:allowBackup="true"
22-->src\main\AndroidManifest.xml:7:9-35
23        android:appComponentFactory="androidx.core.app.CoreComponentFactory"
23-->[androidx.core:core:1.12.0] AndroidManifest.xml:28:18-86
24        android:dataExtractionRules="@xml/data_extraction_rules"
24-->src\main\AndroidManifest.xml:8:9-65
25        android:extractNativeLibs="false"
26        android:fullBackupContent="@xml/backup_rules"
26-->src\main\AndroidManifest.xml:9:9-54
27        android:icon="@mipmap/ic_launcher"
27-->src\main\AndroidManifest.xml:10:9-43
28        android:label="@string/app_name"
28-->src\main\AndroidManifest.xml:11:9-41
29        android:roundIcon="@mipmap/ic_launcher_round"
29-->src\main\AndroidManifest.xml:12:9-54
30        android:supportsRtl="true"
30-->src\main\AndroidManifest.xml:13:9-35
31        android:theme="@style/Theme.VisionPlay" >
31-->src\main\AndroidManifest.xml:14:9-48
32        <activity
32-->src\main\AndroidManifest.xml:17:9-26:20
33            android:name="com.lespsan543.visionplay.MainActivity"
33-->src\main\AndroidManifest.xml:18:13-41
34            android:exported="true"
34-->src\main\AndroidManifest.xml:19:13-36
35            android:theme="@style/Theme.VisionPlay" >
35-->src\main\AndroidManifest.xml:20:13-52
36            <intent-filter>
36-->src\main\AndroidManifest.xml:21:13-25:29
37                <action android:name="android.intent.action.MAIN" />
37-->src\main\AndroidManifest.xml:22:17-69
37-->src\main\AndroidManifest.xml:22:25-66
38
39                <category android:name="android.intent.category.LAUNCHER" />
39-->src\main\AndroidManifest.xml:24:17-77
39-->src\main\AndroidManifest.xml:24:27-74
40            </intent-filter>
41        </activity>
42
43        <service
43-->[com.google.firebase:firebase-firestore-ktx:24.10.1] AndroidManifest.xml:9:9-15:19
44            android:name="com.google.firebase.components.ComponentDiscoveryService"
44-->[com.google.firebase:firebase-firestore-ktx:24.10.1] AndroidManifest.xml:10:13-84
45            android:directBootAware="true"
45-->[com.google.firebase:firebase-common:20.4.2] AndroidManifest.xml:32:13-43
46            android:exported="false" >
46-->[com.google.firebase:firebase-firestore-ktx:24.10.1] AndroidManifest.xml:11:13-37
47            <meta-data
47-->[com.google.firebase:firebase-firestore-ktx:24.10.1] AndroidManifest.xml:12:13-14:85
48                android:name="com.google.firebase.components:com.google.firebase.firestore.ktx.FirebaseFirestoreLegacyRegistrar"
48-->[com.google.firebase:firebase-firestore-ktx:24.10.1] AndroidManifest.xml:13:17-129
49                android:value="com.google.firebase.components.ComponentRegistrar" />
49-->[com.google.firebase:firebase-firestore-ktx:24.10.1] AndroidManifest.xml:14:17-82
50            <meta-data
50-->[com.google.firebase:firebase-auth-ktx:22.3.1] AndroidManifest.xml:11:13-13:85
51                android:name="com.google.firebase.components:com.google.firebase.auth.ktx.FirebaseAuthLegacyRegistrar"
51-->[com.google.firebase:firebase-auth-ktx:22.3.1] AndroidManifest.xml:12:17-119
52                android:value="com.google.firebase.components.ComponentRegistrar" />
52-->[com.google.firebase:firebase-auth-ktx:22.3.1] AndroidManifest.xml:13:17-82
53            <meta-data
53-->[com.google.firebase:firebase-auth:22.3.1] AndroidManifest.xml:69:13-71:85
54                android:name="com.google.firebase.components:com.google.firebase.auth.FirebaseAuthRegistrar"
54-->[com.google.firebase:firebase-auth:22.3.1] AndroidManifest.xml:70:17-109
55                android:value="com.google.firebase.components.ComponentRegistrar" />
55-->[com.google.firebase:firebase-auth:22.3.1] AndroidManifest.xml:71:17-82
56            <meta-data
56-->[com.google.firebase:firebase-firestore:24.10.1] AndroidManifest.xml:17:13-19:85
57                android:name="com.google.firebase.components:com.google.firebase.firestore.FirebaseFirestoreKtxRegistrar"
57-->[com.google.firebase:firebase-firestore:24.10.1] AndroidManifest.xml:18:17-122
58                android:value="com.google.firebase.components.ComponentRegistrar" />
58-->[com.google.firebase:firebase-firestore:24.10.1] AndroidManifest.xml:19:17-82
59            <meta-data
59-->[com.google.firebase:firebase-firestore:24.10.1] AndroidManifest.xml:20:13-22:85
60                android:name="com.google.firebase.components:com.google.firebase.firestore.FirestoreRegistrar"
60-->[com.google.firebase:firebase-firestore:24.10.1] AndroidManifest.xml:21:17-111
61                android:value="com.google.firebase.components.ComponentRegistrar" />
61-->[com.google.firebase:firebase-firestore:24.10.1] AndroidManifest.xml:22:17-82
62            <meta-data
62-->[com.google.firebase:firebase-common-ktx:20.4.2] AndroidManifest.xml:12:13-14:85
63                android:name="com.google.firebase.components:com.google.firebase.ktx.FirebaseCommonLegacyRegistrar"
63-->[com.google.firebase:firebase-common-ktx:20.4.2] AndroidManifest.xml:13:17-116
64                android:value="com.google.firebase.components.ComponentRegistrar" />
64-->[com.google.firebase:firebase-common-ktx:20.4.2] AndroidManifest.xml:14:17-82
65            <meta-data
65-->[com.google.firebase:firebase-common:20.4.2] AndroidManifest.xml:35:13-37:85
66                android:name="com.google.firebase.components:com.google.firebase.FirebaseCommonKtxRegistrar"
66-->[com.google.firebase:firebase-common:20.4.2] AndroidManifest.xml:36:17-109
67                android:value="com.google.firebase.components.ComponentRegistrar" />
67-->[com.google.firebase:firebase-common:20.4.2] AndroidManifest.xml:37:17-82
68        </service>
69
70        <activity
70-->[com.google.firebase:firebase-auth:22.3.1] AndroidManifest.xml:29:9-46:20
71            android:name="com.google.firebase.auth.internal.GenericIdpActivity"
71-->[com.google.firebase:firebase-auth:22.3.1] AndroidManifest.xml:30:13-80
72            android:excludeFromRecents="true"
72-->[com.google.firebase:firebase-auth:22.3.1] AndroidManifest.xml:31:13-46
73            android:exported="true"
73-->[com.google.firebase:firebase-auth:22.3.1] AndroidManifest.xml:32:13-36
74            android:launchMode="singleTask"
74-->[com.google.firebase:firebase-auth:22.3.1] AndroidManifest.xml:33:13-44
75            android:theme="@android:style/Theme.Translucent.NoTitleBar" >
75-->[com.google.firebase:firebase-auth:22.3.1] AndroidManifest.xml:34:13-72
76            <intent-filter>
76-->[com.google.firebase:firebase-auth:22.3.1] AndroidManifest.xml:35:13-45:29
77                <action android:name="android.intent.action.VIEW" />
77-->[com.google.firebase:firebase-auth:22.3.1] AndroidManifest.xml:36:17-69
77-->[com.google.firebase:firebase-auth:22.3.1] AndroidManifest.xml:36:25-66
78
79                <category android:name="android.intent.category.DEFAULT" />
79-->[com.google.firebase:firebase-auth:22.3.1] AndroidManifest.xml:38:17-76
79-->[com.google.firebase:firebase-auth:22.3.1] AndroidManifest.xml:38:27-73
80                <category android:name="android.intent.category.BROWSABLE" />
80-->[com.google.firebase:firebase-auth:22.3.1] AndroidManifest.xml:39:17-78
80-->[com.google.firebase:firebase-auth:22.3.1] AndroidManifest.xml:39:27-75
81
82                <data
82-->[com.google.firebase:firebase-auth:22.3.1] AndroidManifest.xml:41:17-44:51
83                    android:host="firebase.auth"
83-->[com.google.firebase:firebase-auth:22.3.1] AndroidManifest.xml:42:21-49
84                    android:path="/"
84-->[com.google.firebase:firebase-auth:22.3.1] AndroidManifest.xml:43:21-37
85                    android:scheme="genericidp" />
85-->[com.google.firebase:firebase-auth:22.3.1] AndroidManifest.xml:44:21-48
86            </intent-filter>
87        </activity>
88        <activity
88-->[com.google.firebase:firebase-auth:22.3.1] AndroidManifest.xml:47:9-64:20
89            android:name="com.google.firebase.auth.internal.RecaptchaActivity"
89-->[com.google.firebase:firebase-auth:22.3.1] AndroidManifest.xml:48:13-79
90            android:excludeFromRecents="true"
90-->[com.google.firebase:firebase-auth:22.3.1] AndroidManifest.xml:49:13-46
91            android:exported="true"
91-->[com.google.firebase:firebase-auth:22.3.1] AndroidManifest.xml:50:13-36
92            android:launchMode="singleTask"
92-->[com.google.firebase:firebase-auth:22.3.1] AndroidManifest.xml:51:13-44
93            android:theme="@android:style/Theme.Translucent.NoTitleBar" >
93-->[com.google.firebase:firebase-auth:22.3.1] AndroidManifest.xml:52:13-72
94            <intent-filter>
94-->[com.google.firebase:firebase-auth:22.3.1] AndroidManifest.xml:53:13-63:29
95                <action android:name="android.intent.action.VIEW" />
95-->[com.google.firebase:firebase-auth:22.3.1] AndroidManifest.xml:36:17-69
95-->[com.google.firebase:firebase-auth:22.3.1] AndroidManifest.xml:36:25-66
96
97                <category android:name="android.intent.category.DEFAULT" />
97-->[com.google.firebase:firebase-auth:22.3.1] AndroidManifest.xml:38:17-76
97-->[com.google.firebase:firebase-auth:22.3.1] AndroidManifest.xml:38:27-73
98                <category android:name="android.intent.category.BROWSABLE" />
98-->[com.google.firebase:firebase-auth:22.3.1] AndroidManifest.xml:39:17-78
98-->[com.google.firebase:firebase-auth:22.3.1] AndroidManifest.xml:39:27-75
99
100                <data
100-->[com.google.firebase:firebase-auth:22.3.1] AndroidManifest.xml:41:17-44:51
101                    android:host="firebase.auth"
101-->[com.google.firebase:firebase-auth:22.3.1] AndroidManifest.xml:42:21-49
102                    android:path="/"
102-->[com.google.firebase:firebase-auth:22.3.1] AndroidManifest.xml:43:21-37
103                    android:scheme="recaptcha" />
103-->[com.google.firebase:firebase-auth:22.3.1] AndroidManifest.xml:44:21-48
104            </intent-filter>
105        </activity>
106
107        <provider
107-->[com.google.firebase:firebase-common:20.4.2] AndroidManifest.xml:23:9-28:39
108            android:name="com.google.firebase.provider.FirebaseInitProvider"
108-->[com.google.firebase:firebase-common:20.4.2] AndroidManifest.xml:24:13-77
109            android:authorities="com.lespsan543.visionplay.firebaseinitprovider"
109-->[com.google.firebase:firebase-common:20.4.2] AndroidManifest.xml:25:13-72
110            android:directBootAware="true"
110-->[com.google.firebase:firebase-common:20.4.2] AndroidManifest.xml:26:13-43
111            android:exported="false"
111-->[com.google.firebase:firebase-common:20.4.2] AndroidManifest.xml:27:13-37
112            android:initOrder="100" />
112-->[com.google.firebase:firebase-common:20.4.2] AndroidManifest.xml:28:13-36
113
114        <activity
114-->[com.google.android.gms:play-services-base:18.0.1] AndroidManifest.xml:20:9-22:45
115            android:name="com.google.android.gms.common.api.GoogleApiActivity"
115-->[com.google.android.gms:play-services-base:18.0.1] AndroidManifest.xml:20:19-85
116            android:exported="false"
116-->[com.google.android.gms:play-services-base:18.0.1] AndroidManifest.xml:22:19-43
117            android:theme="@android:style/Theme.Translucent.NoTitleBar" />
117-->[com.google.android.gms:play-services-base:18.0.1] AndroidManifest.xml:21:19-78
118
119        <meta-data
119-->[com.google.android.gms:play-services-basement:18.1.0] AndroidManifest.xml:21:9-23:69
120            android:name="com.google.android.gms.version"
120-->[com.google.android.gms:play-services-basement:18.1.0] AndroidManifest.xml:22:13-58
121            android:value="@integer/google_play_services_version" />
121-->[com.google.android.gms:play-services-basement:18.1.0] AndroidManifest.xml:23:13-66
122
123        <provider
123-->[androidx.emoji2:emoji2:1.3.0] AndroidManifest.xml:24:9-32:20
124            android:name="androidx.startup.InitializationProvider"
124-->[androidx.emoji2:emoji2:1.3.0] AndroidManifest.xml:25:13-67
125            android:authorities="com.lespsan543.visionplay.androidx-startup"
125-->[androidx.emoji2:emoji2:1.3.0] AndroidManifest.xml:26:13-68
126            android:exported="false" >
126-->[androidx.emoji2:emoji2:1.3.0] AndroidManifest.xml:27:13-37
127            <meta-data
127-->[androidx.emoji2:emoji2:1.3.0] AndroidManifest.xml:29:13-31:52
128                android:name="androidx.emoji2.text.EmojiCompatInitializer"
128-->[androidx.emoji2:emoji2:1.3.0] AndroidManifest.xml:30:17-75
129                android:value="androidx.startup" />
129-->[androidx.emoji2:emoji2:1.3.0] AndroidManifest.xml:31:17-49
130            <meta-data
130-->[androidx.lifecycle:lifecycle-process:2.7.0] AndroidManifest.xml:29:13-31:52
131                android:name="androidx.lifecycle.ProcessLifecycleInitializer"
131-->[androidx.lifecycle:lifecycle-process:2.7.0] AndroidManifest.xml:30:17-78
132                android:value="androidx.startup" />
132-->[androidx.lifecycle:lifecycle-process:2.7.0] AndroidManifest.xml:31:17-49
133            <meta-data
133-->[androidx.profileinstaller:profileinstaller:1.3.1] AndroidManifest.xml:29:13-31:52
134                android:name="androidx.profileinstaller.ProfileInstallerInitializer"
134-->[androidx.profileinstaller:profileinstaller:1.3.1] AndroidManifest.xml:30:17-85
135                android:value="androidx.startup" />
135-->[androidx.profileinstaller:profileinstaller:1.3.1] AndroidManifest.xml:31:17-49
136        </provider>
137
138        <receiver
138-->[androidx.profileinstaller:profileinstaller:1.3.1] AndroidManifest.xml:34:9-52:20
139            android:name="androidx.profileinstaller.ProfileInstallReceiver"
139-->[androidx.profileinstaller:profileinstaller:1.3.1] AndroidManifest.xml:35:13-76
140            android:directBootAware="false"
140-->[androidx.profileinstaller:profileinstaller:1.3.1] AndroidManifest.xml:36:13-44
141            android:enabled="true"
141-->[androidx.profileinstaller:profileinstaller:1.3.1] AndroidManifest.xml:37:13-35
142            android:exported="true"
142-->[androidx.profileinstaller:profileinstaller:1.3.1] AndroidManifest.xml:38:13-36
143            android:permission="android.permission.DUMP" >
143-->[androidx.profileinstaller:profileinstaller:1.3.1] AndroidManifest.xml:39:13-57
144            <intent-filter>
144-->[androidx.profileinstaller:profileinstaller:1.3.1] AndroidManifest.xml:40:13-42:29
145                <action android:name="androidx.profileinstaller.action.INSTALL_PROFILE" />
145-->[androidx.profileinstaller:profileinstaller:1.3.1] AndroidManifest.xml:41:17-91
145-->[androidx.profileinstaller:profileinstaller:1.3.1] AndroidManifest.xml:41:25-88
146            </intent-filter>
147            <intent-filter>
147-->[androidx.profileinstaller:profileinstaller:1.3.1] AndroidManifest.xml:43:13-45:29
148                <action android:name="androidx.profileinstaller.action.SKIP_FILE" />
148-->[androidx.profileinstaller:profileinstaller:1.3.1] AndroidManifest.xml:44:17-85
148-->[androidx.profileinstaller:profileinstaller:1.3.1] AndroidManifest.xml:44:25-82
149            </intent-filter>
150            <intent-filter>
150-->[androidx.profileinstaller:profileinstaller:1.3.1] AndroidManifest.xml:46:13-48:29
151                <action android:name="androidx.profileinstaller.action.SAVE_PROFILE" />
151-->[androidx.profileinstaller:profileinstaller:1.3.1] AndroidManifest.xml:47:17-88
151-->[androidx.profileinstaller:profileinstaller:1.3.1] AndroidManifest.xml:47:25-85
152            </intent-filter>
153            <intent-filter>
153-->[androidx.profileinstaller:profileinstaller:1.3.1] AndroidManifest.xml:49:13-51:29
154                <action android:name="androidx.profileinstaller.action.BENCHMARK_OPERATION" />
154-->[androidx.profileinstaller:profileinstaller:1.3.1] AndroidManifest.xml:50:17-95
154-->[androidx.profileinstaller:profileinstaller:1.3.1] AndroidManifest.xml:50:25-92
155            </intent-filter>
156        </receiver>
157    </application>
158
159</manifest>